<?xml version="1.0" encoding="UTF-8"?>
<testsuite name="it.unibo.deathnote.TestDeathNote" tests="5" skipped="0" failures="0" errors="0" timestamp="2023-11-14T15:36:03" hostname="PC_DI_MATTEO" time="6.262">
  <properties/>
  <testcase name="testRulesContent()" classname="it.unibo.deathnote.TestDeathNote" time="0.023"/>
  <testcase name="testRulesCall()" classname="it.unibo.deathnote.TestDeathNote" time="0.005"/>
  <testcase name="testCause()" classname="it.unibo.deathnote.TestDeathNote" time="0.109"/>
  <testcase name="testHuman()" classname="it.unibo.deathnote.TestDeathNote" time="0.001"/>
  <testcase name="testDetails()" classname="it.unibo.deathnote.TestDeathNote" time="6.117"/>
  <system-out><![CDATA[]]></system-out>
  <system-err><![CDATA[]]></system-err>
</testsuite>
